[debug] [2024-02-03T06:55:08.172Z] ----------------------------------------------------------------------
[debug] [2024-02-03T06:55:08.176Z] Command:       C:\Program Files\nodejs\node.exe C:\Users\HI\AppData\Roaming\npm\node_modules\firebase-tools\lib\bin\firebase.js init
[debug] [2024-02-03T06:55:08.177Z] CLI Version:   13.1.0
[debug] [2024-02-03T06:55:08.177Z] Platform:      win32
[debug] [2024-02-03T06:55:08.178Z] Node Version:  v20.9.0
[debug] [2024-02-03T06:55:08.178Z] Time:          Sat Feb 03 2024 12:25:08 GMT+0530 (India Standard Time)
[debug] [2024-02-03T06:55:08.179Z] ----------------------------------------------------------------------
[debug] 
[debug] [2024-02-03T06:55:08.297Z] > command requires scopes: ["email","openid","https://www.googleapis.com/auth/cloudplatformprojects.readonly","https://www.googleapis.com/auth/firebase","https://www.googleapis.com/auth/cloud-platform"]
[debug] [2024-02-03T06:55:08.297Z] > authorizing via signed-in user (srinivasdasari2019@gmail.com)
[info] 
     ######## #### ########  ######## ########     ###     ######  ########
     ##        ##  ##     ## ##       ##     ##  ##   ##  ##       ##
     ######    ##  ########  ######   ########  #########  ######  ######
     ##        ##  ##    ##  ##       ##     ## ##     ##       ## ##
     ##       #### ##     ## ######## ########  ##     ##  ######  ########

You're about to initialize a Firebase project in this directory:

  C:\Users\HI\Desktop\US PROJECTS\Assignment3

Before we get started, keep in mind:

  * You are initializing within an existing Firebase project directory

[info] 
=== Project Setup
[info] 
[info] First, let's associate this project directory with a Firebase project.
[info] You can create multiple project aliases by running firebase use --add, 
[info] but for now we'll just set up a default project.
[info] 
[debug] [2024-02-03T06:55:16.048Z] Using project from CLI flag: diabaties-app
[debug] [2024-02-03T06:55:16.051Z] >>> [apiv2][query] GET https://firebase.googleapis.com/v1beta1/projects/diabaties-app [none]
[debug] [2024-02-03T06:55:16.711Z] <<< [apiv2][status] GET https://firebase.googleapis.com/v1beta1/projects/diabaties-app 200
[debug] [2024-02-03T06:55:16.711Z] <<< [apiv2][body] GET https://firebase.googleapis.com/v1beta1/projects/diabaties-app {"projectId":"diabaties-app","projectNumber":"802932218893","displayName":"For you","name":"projects/diabaties-app","resources":{"hostingSite":"diabaties-app"},"state":"ACTIVE","etag":"1_6c673386-3cea-4662-8037-d44f8b44ce7f"}
[info] i  Using project diabaties-app (For you) 
[info] 
=== Hosting:github Setup
[info] 
[info] i  Detected a .git folder at C:\Users\HI\Desktop\US PROJECTS\Assignment3 
[info] i  Authorizing with GitHub to upload your service account to a GitHub repository's secrets store. 
[info] 
[info] Visit this URL on this device to log in:
[info] https://github.com/login/oauth/authorize?client_id=89cf50f02ac6aaed3484&state=929907572&redirect_uri=http%3A%2F%2Flocalhost%3A9005&scope=read%3Auser%20repo%20public_repo
[info] 
[info] Waiting for authentication...
[debug] [2024-02-03T06:55:29.290Z] >>> [apiv2][query] POST https://github.com/login/oauth/access_token [none]
[debug] [2024-02-03T06:55:29.291Z] >>> [apiv2][body] POST https://github.com/login/oauth/access_token [stream]
[debug] [2024-02-03T06:55:40.780Z] <<< [apiv2][status] POST https://github.com/login/oauth/access_token 200
[debug] [2024-02-03T06:55:40.781Z] <<< [apiv2][body] POST https://github.com/login/oauth/access_token {"access_token":"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","token_type":"bearer","scope":"read:user,repo"}
[debug] [2024-02-03T06:55:40.804Z] >>> [apiv2][query] GET https://api.github.com/user [none]
[debug] [2024-02-03T06:55:52.274Z] <<< [apiv2][status] GET https://api.github.com/user 200
[debug] [2024-02-03T06:55:52.274Z] <<< [apiv2][body] GET https://api.github.com/user {"login":"dsv111","id":158699946,"node_id":"U_kgDOCXWRqg","avatar_url":"https://avatars.githubusercontent.com/u/158699946?v=4","gravatar_id":"","url":"https://api.github.com/users/dsv111","html_url":"https://github.com/dsv111","followers_url":"https://api.github.com/users/dsv111/followers","following_url":"https://api.github.com/users/dsv111/following{/other_user}","gists_url":"https://api.github.com/users/dsv111/gists{/gist_id}","starred_url":"https://api.github.com/users/dsv111/starred{/owner}{/repo}","subscriptions_url":"https://api.github.com/users/dsv111/subscriptions","organizations_url":"https://api.github.com/users/dsv111/orgs","repos_url":"https://api.github.com/users/dsv111/repos","events_url":"https://api.github.com/users/dsv111/events{/privacy}","received_events_url":"https://api.github.com/users/dsv111/received_events","type":"User","site_admin":false,"name":null,"company":null,"blog":"","location":null,"email":null,"hireable":null,"bio":null,"twitter_username":null,"public_repos":0,"public_gists":0,"followers":0,"following":0,"created_at":"2024-02-03T06:52:43Z","updated_at":"2024-02-03T06:52:43Z","private_gists":0,"total_private_repos":0,"owned_private_repos":0,"disk_usage":0,"collaborators":0,"two_factor_authentication":false,"plan":{"name":"free","space":976562499,"collaborators":0,"private_repos":10000}}
[info] 
[info] +  Success! Logged into GitHub as dsv111 
[info] 
[debug] [2024-02-03T06:56:39.329Z] >>> [apiv2][query] GET https://api.github.com/repos//actions/secrets/public-key type=owner
[debug] [2024-02-03T06:56:50.748Z] <<< [apiv2][status] GET https://api.github.com/repos//actions/secrets/public-key 404
[debug] [2024-02-03T06:56:50.749Z] <<< [apiv2][body] GET https://api.github.com/repos//actions/secrets/public-key {"message":"Not Found","documentation_url":"https://docs.github.com/rest"}
[info] 
[info] 
[error] !  The provided authorization cannot be used with this repository. If this repository is in an organization, did you remember to grant access? 
[info] 
[info] i  Action required: Visit this URL to ensure access has been granted to the appropriate organization(s) for the Firebase CLI GitHub OAuth App: 
[info] https://github.com/settings/connections/applications/89cf50f02ac6aaed3484
[info] 
